<?xml version="1.0" encoding="UTF-8"?>
<!-- Generated by org.testng.reporters.JUnitXMLReporter -->
<testsuite ignored="0" hostname="sripriya" failures="0" tests="2" name="Error Validation Test" time="24.144" errors="0" timestamp="2024-02-22T09:25:30 IST">
  <testcase classname="letsshopwebapplication.tests.ErrorvalidationsTest" name="ProductErrorValidation" time="9.563"/>
  <testcase classname="letsshopwebapplication.tests.ErrorvalidationsTest" name="loginErrorValidation" time="0.793"/>
</testsuite> <!-- Error Validation Test -->
